{"/Users/marcoslima/Driven/fase_4/5. Clean Code/project-newsgen-refactor/src/app.ts": {"path":"/Users/marcoslima/Driven/fase_4/5. Clean Code/project-newsgen-refactor/src/app.ts","statementMap":{"0":{"start":{"line":1,"column":0},"end":{"line":1,"column":59}},"1":{"start":{"line":2,"column":0},"end":{"line":2,"column":30}},"2":{"start":{"line":4,"column":0},"end":{"line":4,"column":47}},"3":{"start":{"line":5,"column":0},"end":{"line":5,"column":66}},"4":{"start":{"line":7,"column":12},"end":{"line":7,"column":21}},"5":{"start":{"line":8,"column":0},"end":{"line":8,"column":16}},"6":{"start":{"line":10,"column":0},"end":{"line":12,"column":3}},"7":{"start":{"line":11,"column":2},"end":{"line":11,"column":34}},"8":{"start":{"line":14,"column":0},"end":{"line":14,"column":29}},"9":{"start":{"line":15,"column":0},"end":{"line":15,"column":33}},"10":{"start":{"line":17,"column":0},"end":{"line":17,"column":19}}},"fnMap":{"0":{"name":"(anonymous_7)","decl":{"start":{"line":10,"column":19},"end":{"line":10,"column":20}},"loc":{"start":{"line":10,"column":51},"end":{"line":12,"column":1}}}},"branchMap":{},"s":{"0":2,"1":2,"2":2,"3":2,"4":2,"5":2,"6":2,"7":1,"8":2,"9":2,"10":2},"f":{"0":1},"b":{}}
,"/Users/marcoslima/Driven/fase_4/5. Clean Code/project-newsgen-refactor/src/database.ts": {"path":"/Users/marcoslima/Driven/fase_4/5. Clean Code/project-newsgen-refactor/src/database.ts","statementMap":{"0":{"start":{"line":1,"column":0},"end":{"line":1,"column":46}},"1":{"start":{"line":3,"column":15},"end":{"line":3,"column":33}},"2":{"start":{"line":5,"column":0},"end":{"line":5,"column":22}}},"fnMap":{},"branchMap":{},"s":{"0":2,"1":2,"2":2},"f":{},"b":{}}
,"/Users/marcoslima/Driven/fase_4/5. Clean Code/project-newsgen-refactor/src/controllers/news-controller.ts": {"path":"/Users/marcoslima/Driven/fase_4/5. Clean Code/project-newsgen-refactor/src/controllers/news-controller.ts","statementMap":{"0":{"start":{"line":8,"column":0},"end":{"line":8,"column":22}},"1":{"start":{"line":13,"column":0},"end":{"line":13,"column":22}},"2":{"start":{"line":23,"column":0},"end":{"line":23,"column":22}},"3":{"start":{"line":30,"column":0},"end":{"line":30,"column":22}},"4":{"start":{"line":42,"column":0},"end":{"line":42,"column":22}},"5":{"start":{"line":2,"column":0},"end":{"line":2,"column":37}},"6":{"start":{"line":4,"column":0},"end":{"line":4,"column":54}},"7":{"start":{"line":9,"column":15},"end":{"line":9,"column":38}},"8":{"start":{"line":10,"column":2},"end":{"line":10,"column":24}},"9":{"start":{"line":14,"column":13},"end":{"line":14,"column":36}},"10":{"start":{"line":15,"column":2},"end":{"line":17,"column":3}},"11":{"start":{"line":16,"column":4},"end":{"line":16,"column":71}},"12":{"start":{"line":19,"column":15},"end":{"line":19,"column":48}},"13":{"start":{"line":20,"column":2},"end":{"line":20,"column":24}},"14":{"start":{"line":24,"column":19},"end":{"line":24,"column":45}},"15":{"start":{"line":25,"column":22},"end":{"line":25,"column":56}},"16":{"start":{"line":27,"column":2},"end":{"line":27,"column":58}},"17":{"start":{"line":31,"column":13},"end":{"line":31,"column":36}},"18":{"start":{"line":32,"column":2},"end":{"line":34,"column":3}},"19":{"start":{"line":33,"column":4},"end":{"line":33,"column":71}},"20":{"start":{"line":36,"column":19},"end":{"line":36,"column":44}},"21":{"start":{"line":37,"column":22},"end":{"line":37,"column":59}},"22":{"start":{"line":39,"column":2},"end":{"line":39,"column":31}},"23":{"start":{"line":43,"column":13},"end":{"line":43,"column":36}},"24":{"start":{"line":44,"column":2},"end":{"line":46,"column":3}},"25":{"start":{"line":45,"column":4},"end":{"line":45,"column":71}},"26":{"start":{"line":48,"column":2},"end":{"line":48,"column":31}},"27":{"start":{"line":49,"column":2},"end":{"line":49,"column":47}}},"fnMap":{"0":{"name":"getNews","decl":{"start":{"line":8,"column":22},"end":{"line":8,"column":29}},"loc":{"start":{"line":8,"column":57},"end":{"line":11,"column":null}}},"1":{"name":"getSpecificNews","decl":{"start":{"line":13,"column":22},"end":{"line":13,"column":37}},"loc":{"start":{"line":13,"column":65},"end":{"line":21,"column":null}}},"2":{"name":"createNews","decl":{"start":{"line":23,"column":22},"end":{"line":23,"column":32}},"loc":{"start":{"line":23,"column":60},"end":{"line":28,"column":null}}},"3":{"name":"alterNews","decl":{"start":{"line":30,"column":22},"end":{"line":30,"column":31}},"loc":{"start":{"line":30,"column":59},"end":{"line":40,"column":null}}},"4":{"name":"deleteNews","decl":{"start":{"line":42,"column":22},"end":{"line":42,"column":32}},"loc":{"start":{"line":42,"column":60},"end":{"line":50,"column":null}}}},"branchMap":{"0":{"loc":{"start":{"line":15,"column":2},"end":{"line":17,"column":3}},"type":"if","locations":[{"start":{"line":15,"column":2},"end":{"line":17,"column":3}}]},"1":{"loc":{"start":{"line":15,"column":6},"end":{"line":15,"column":26}},"type":"binary-expr","locations":[{"start":{"line":15,"column":6},"end":{"line":15,"column":15}},{"start":{"line":15,"column":19},"end":{"line":15,"column":26}}]},"2":{"loc":{"start":{"line":32,"column":2},"end":{"line":34,"column":3}},"type":"if","locations":[{"start":{"line":32,"column":2},"end":{"line":34,"column":3}}]},"3":{"loc":{"start":{"line":32,"column":6},"end":{"line":32,"column":26}},"type":"binary-expr","locations":[{"start":{"line":32,"column":6},"end":{"line":32,"column":15}},{"start":{"line":32,"column":19},"end":{"line":32,"column":26}}]},"4":{"loc":{"start":{"line":44,"column":2},"end":{"line":46,"column":3}},"type":"if","locations":[{"start":{"line":44,"column":2},"end":{"line":46,"column":3}}]},"5":{"loc":{"start":{"line":44,"column":6},"end":{"line":44,"column":26}},"type":"binary-expr","locations":[{"start":{"line":44,"column":6},"end":{"line":44,"column":15}},{"start":{"line":44,"column":19},"end":{"line":44,"column":26}}]}},"s":{"0":2,"1":2,"2":2,"3":2,"4":2,"5":2,"6":2,"7":0,"8":0,"9":0,"10":0,"11":0,"12":0,"13":0,"14":0,"15":0,"16":0,"17":0,"18":0,"19":0,"20":0,"21":0,"22":0,"23":0,"24":0,"25":0,"26":0,"27":0},"f":{"0":0,"1":0,"2":0,"3":0,"4":0},"b":{"0":[0],"1":[0,0],"2":[0],"3":[0,0],"4":[0],"5":[0,0]}}
,"/Users/marcoslima/Driven/fase_4/5. Clean Code/project-newsgen-refactor/src/middlewares/error-handler.ts": {"path":"/Users/marcoslima/Driven/fase_4/5. Clean Code/project-newsgen-refactor/src/middlewares/error-handler.ts","statementMap":{"0":{"start":{"line":9,"column":0},"end":{"line":9,"column":24}},"1":{"start":{"line":3,"column":0},"end":{"line":3,"column":37}},"2":{"start":{"line":15,"column":2},"end":{"line":15,"column":21}},"3":{"start":{"line":17,"column":28},"end":{"line":17,"column":33}},"4":{"start":{"line":18,"column":2},"end":{"line":30,"column":3}},"5":{"start":{"line":19,"column":4},"end":{"line":19,"column":58}},"6":{"start":{"line":20,"column":9},"end":{"line":30,"column":3}},"7":{"start":{"line":21,"column":4},"end":{"line":21,"column":57}},"8":{"start":{"line":22,"column":9},"end":{"line":30,"column":3}},"9":{"start":{"line":23,"column":4},"end":{"line":23,"column":60}},"10":{"start":{"line":24,"column":9},"end":{"line":30,"column":3}},"11":{"start":{"line":25,"column":4},"end":{"line":25,"column":69}},"12":{"start":{"line":26,"column":9},"end":{"line":30,"column":3}},"13":{"start":{"line":27,"column":4},"end":{"line":27,"column":58}},"14":{"start":{"line":29,"column":4},"end":{"line":29,"column":56}}},"fnMap":{"0":{"name":"errorHandlingMiddleware","decl":{"start":{"line":9,"column":24},"end":{"line":9,"column":47}},"loc":{"start":{"line":13,"column":20},"end":{"line":32,"column":1}}}},"branchMap":{"0":{"loc":{"start":{"line":18,"column":2},"end":{"line":30,"column":3}},"type":"if","locations":[{"start":{"line":18,"column":2},"end":{"line":30,"column":3}},{"start":{"line":20,"column":9},"end":{"line":30,"column":3}}]},"1":{"loc":{"start":{"line":20,"column":9},"end":{"line":30,"column":3}},"type":"if","locations":[{"start":{"line":20,"column":9},"end":{"line":30,"column":3}},{"start":{"line":22,"column":9},"end":{"line":30,"column":3}}]},"2":{"loc":{"start":{"line":22,"column":9},"end":{"line":30,"column":3}},"type":"if","locations":[{"start":{"line":22,"column":9},"end":{"line":30,"column":3}},{"start":{"line":24,"column":9},"end":{"line":30,"column":3}}]},"3":{"loc":{"start":{"line":24,"column":9},"end":{"line":30,"column":3}},"type":"if","locations":[{"start":{"line":24,"column":9},"end":{"line":30,"column":3}},{"start":{"line":26,"column":9},"end":{"line":30,"column":3}}]},"4":{"loc":{"start":{"line":26,"column":9},"end":{"line":30,"column":3}},"type":"if","locations":[{"start":{"line":26,"column":9},"end":{"line":30,"column":3}},{"start":{"line":28,"column":9},"end":{"line":30,"column":3}}]}},"s":{"0":2,"1":2,"2":0,"3":0,"4":0,"5":0,"6":0,"7":0,"8":0,"9":0,"10":0,"11":0,"12":0,"13":0,"14":0},"f":{"0":0},"b":{"0":[0,0],"1":[0,0],"2":[0,0],"3":[0,0],"4":[0,0]}}
,"/Users/marcoslima/Driven/fase_4/5. Clean Code/project-newsgen-refactor/src/middlewares/schema-handler.ts": {"path":"/Users/marcoslima/Driven/fase_4/5. Clean Code/project-newsgen-refactor/src/middlewares/schema-handler.ts","statementMap":{"0":{"start":{"line":4,"column":0},"end":{"line":4,"column":16}},"1":{"start":{"line":5,"column":2},"end":{"line":12,"column":4}},"2":{"start":{"line":6,"column":23},"end":{"line":6,"column":71}},"3":{"start":{"line":7,"column":4},"end":{"line":9,"column":5}},"4":{"start":{"line":8,"column":6},"end":{"line":8,"column":71}},"5":{"start":{"line":11,"column":4},"end":{"line":11,"column":11}}},"fnMap":{"0":{"name":"validateSchemaMiddleware","decl":{"start":{"line":4,"column":16},"end":{"line":4,"column":40}},"loc":{"start":{"line":4,"column":61},"end":{"line":13,"column":1}}},"1":{"name":"(anonymous_1)","decl":{"start":{"line":5,"column":9},"end":{"line":5,"column":10}},"loc":{"start":{"line":5,"column":61},"end":{"line":12,"column":3}}}},"branchMap":{"0":{"loc":{"start":{"line":7,"column":4},"end":{"line":9,"column":5}},"type":"if","locations":[{"start":{"line":7,"column":4},"end":{"line":9,"column":5}}]}},"s":{"0":2,"1":4,"2":0,"3":0,"4":0,"5":0},"f":{"0":4,"1":0},"b":{"0":[0]}}
,"/Users/marcoslima/Driven/fase_4/5. Clean Code/project-newsgen-refactor/src/repositories/news-repository.ts": {"path":"/Users/marcoslima/Driven/fase_4/5. Clean Code/project-newsgen-refactor/src/repositories/news-repository.ts","statementMap":{"0":{"start":{"line":7,"column":0},"end":{"line":7,"column":16}},"1":{"start":{"line":15,"column":0},"end":{"line":15,"column":16}},"2":{"start":{"line":21,"column":0},"end":{"line":21,"column":22}},"3":{"start":{"line":27,"column":0},"end":{"line":27,"column":22}},"4":{"start":{"line":34,"column":0},"end":{"line":34,"column":22}},"5":{"start":{"line":1,"column":0},"end":{"line":1,"column":35}},"6":{"start":{"line":8,"column":2},"end":{"line":12,"column":5}},"7":{"start":{"line":16,"column":2},"end":{"line":18,"column":5}},"8":{"start":{"line":22,"column":2},"end":{"line":24,"column":5}},"9":{"start":{"line":28,"column":2},"end":{"line":31,"column":5}},"10":{"start":{"line":35,"column":2},"end":{"line":37,"column":5}}},"fnMap":{"0":{"name":"getNoticias","decl":{"start":{"line":7,"column":16},"end":{"line":7,"column":27}},"loc":{"start":{"line":7,"column":27},"end":{"line":13,"column":1}}},"1":{"name":"getNoticiaById","decl":{"start":{"line":15,"column":16},"end":{"line":15,"column":30}},"loc":{"start":{"line":15,"column":41},"end":{"line":19,"column":1}}},"2":{"name":"createNoticia","decl":{"start":{"line":21,"column":22},"end":{"line":21,"column":35}},"loc":{"start":{"line":21,"column":60},"end":{"line":25,"column":null}}},"3":{"name":"updateNoticia","decl":{"start":{"line":27,"column":22},"end":{"line":27,"column":35}},"loc":{"start":{"line":27,"column":67},"end":{"line":32,"column":null}}},"4":{"name":"removeNoticia","decl":{"start":{"line":34,"column":22},"end":{"line":34,"column":35}},"loc":{"start":{"line":34,"column":46},"end":{"line":38,"column":null}}}},"branchMap":{},"s":{"0":2,"1":2,"2":2,"3":2,"4":2,"5":2,"6":0,"7":0,"8":0,"9":0,"10":0},"f":{"0":0,"1":0,"2":0,"3":0,"4":0},"b":{}}
,"/Users/marcoslima/Driven/fase_4/5. Clean Code/project-newsgen-refactor/src/routers/news-router.ts": {"path":"/Users/marcoslima/Driven/fase_4/5. Clean Code/project-newsgen-refactor/src/routers/news-router.ts","statementMap":{"0":{"start":{"line":1,"column":0},"end":{"line":1,"column":29}},"1":{"start":{"line":3,"column":0},"end":{"line":3,"column":67}},"2":{"start":{"line":4,"column":0},"end":{"line":4,"column":73}},"3":{"start":{"line":5,"column":0},"end":{"line":5,"column":52}},"4":{"start":{"line":7,"column":19},"end":{"line":7,"column":27}},"5":{"start":{"line":9,"column":0},"end":{"line":9,"column":44}},"6":{"start":{"line":10,"column":0},"end":{"line":10,"column":55}},"7":{"start":{"line":11,"column":0},"end":{"line":11,"column":86}},"8":{"start":{"line":12,"column":0},"end":{"line":12,"column":87}},"9":{"start":{"line":13,"column":0},"end":{"line":13,"column":53}},"10":{"start":{"line":15,"column":0},"end":{"line":15,"column":26}}},"fnMap":{},"branchMap":{},"s":{"0":2,"1":2,"2":2,"3":2,"4":2,"5":2,"6":2,"7":2,"8":2,"9":2,"10":2},"f":{},"b":{}}
,"/Users/marcoslima/Driven/fase_4/5. Clean Code/project-newsgen-refactor/src/schemas/news-schema.ts": {"path":"/Users/marcoslima/Driven/fase_4/5. Clean Code/project-newsgen-refactor/src/schemas/news-schema.ts","statementMap":{"0":{"start":{"line":1,"column":0},"end":{"line":1,"column":22}},"1":{"start":{"line":4,"column":13},"end":{"line":10,"column":3}}},"fnMap":{},"branchMap":{},"s":{"0":2,"1":2},"f":{},"b":{}}
,"/Users/marcoslima/Driven/fase_4/5. Clean Code/project-newsgen-refactor/src/services/news-service.ts": {"path":"/Users/marcoslima/Driven/fase_4/5. Clean Code/project-newsgen-refactor/src/services/news-service.ts","statementMap":{"0":{"start":{"line":5,"column":0},"end":{"line":5,"column":22}},"1":{"start":{"line":9,"column":0},"end":{"line":9,"column":22}},"2":{"start":{"line":21,"column":0},"end":{"line":21,"column":22}},"3":{"start":{"line":26,"column":0},"end":{"line":26,"column":22}},"4":{"start":{"line":33,"column":0},"end":{"line":33,"column":22}},"5":{"start":{"line":1,"column":0},"end":{"line":1,"column":33}},"6":{"start":{"line":2,"column":0},"end":{"line":2,"column":66}},"7":{"start":{"line":6,"column":2},"end":{"line":6,"column":38}},"8":{"start":{"line":10,"column":15},"end":{"line":10,"column":54}},"9":{"start":{"line":11,"column":2},"end":{"line":16,"column":3}},"10":{"start":{"line":12,"column":4},"end":{"line":15,"column":null}},"11":{"start":{"line":18,"column":2},"end":{"line":18,"column":14}},"12":{"start":{"line":22,"column":2},"end":{"line":22,"column":27}},"13":{"start":{"line":23,"column":2},"end":{"line":23,"column":48}},"14":{"start":{"line":27,"column":15},"end":{"line":27,"column":40}},"15":{"start":{"line":28,"column":2},"end":{"line":28,"column":58}},"16":{"start":{"line":30,"column":2},"end":{"line":30,"column":52}},"17":{"start":{"line":34,"column":2},"end":{"line":34,"column":28}},"18":{"start":{"line":35,"column":2},"end":{"line":35,"column":42}},"19":{"start":{"line":38,"column":24},"end":{"line":70,"column":null}},"20":{"start":{"line":40,"column":2},"end":{"line":51,"column":3}},"21":{"start":{"line":41,"column":26},"end":{"line":43,"column":6}},"22":{"start":{"line":45,"column":4},"end":{"line":50,"column":5}},"23":{"start":{"line":46,"column":6},"end":{"line":49,"column":null}},"24":{"start":{"line":54,"column":2},"end":{"line":59,"column":3}},"25":{"start":{"line":55,"column":4},"end":{"line":58,"column":6}},"26":{"start":{"line":62,"column":22},"end":{"line":62,"column":32}},"27":{"start":{"line":63,"column":26},"end":{"line":63,"column":60}},"28":{"start":{"line":64,"column":2},"end":{"line":69,"column":3}},"29":{"start":{"line":65,"column":4},"end":{"line":68,"column":6}}},"fnMap":{"0":{"name":"getNews","decl":{"start":{"line":5,"column":22},"end":{"line":5,"column":29}},"loc":{"start":{"line":5,"column":29},"end":{"line":7,"column":null}}},"1":{"name":"getSpecificNews","decl":{"start":{"line":9,"column":22},"end":{"line":9,"column":37}},"loc":{"start":{"line":9,"column":48},"end":{"line":19,"column":null}}},"2":{"name":"createNews","decl":{"start":{"line":21,"column":22},"end":{"line":21,"column":32}},"loc":{"start":{"line":21,"column":57},"end":{"line":24,"column":null}}},"3":{"name":"alterNews","decl":{"start":{"line":26,"column":22},"end":{"line":26,"column":31}},"loc":{"start":{"line":26,"column":67},"end":{"line":31,"column":null}}},"4":{"name":"deleteNews","decl":{"start":{"line":33,"column":22},"end":{"line":33,"column":32}},"loc":{"start":{"line":33,"column":43},"end":{"line":36,"column":null}}},"5":{"name":"validate","decl":{"start":{"line":38,"column":15},"end":{"line":38,"column":23}},"loc":{"start":{"line":38,"column":23},"end":{"line":70,"column":null}}},"6":{"name":"(anonymous_25)","decl":{"start":{"line":38,"column":24},"end":{"line":38,"column":48}},"loc":{"start":{"line":38,"column":62},"end":{"line":70,"column":1}}}},"branchMap":{"0":{"loc":{"start":{"line":11,"column":2},"end":{"line":16,"column":3}},"type":"if","locations":[{"start":{"line":11,"column":2},"end":{"line":16,"column":3}}]},"1":{"loc":{"start":{"line":38,"column":50},"end":{"line":38,"column":62}},"type":"default-arg","locations":[{"start":{"line":38,"column":58},"end":{"line":38,"column":62}}]},"2":{"loc":{"start":{"line":40,"column":2},"end":{"line":51,"column":3}},"type":"if","locations":[{"start":{"line":40,"column":2},"end":{"line":51,"column":3}}]},"3":{"loc":{"start":{"line":45,"column":4},"end":{"line":50,"column":5}},"type":"if","locations":[{"start":{"line":45,"column":4},"end":{"line":50,"column":5}}]},"4":{"loc":{"start":{"line":54,"column":2},"end":{"line":59,"column":3}},"type":"if","locations":[{"start":{"line":54,"column":2},"end":{"line":59,"column":3}}]},"5":{"loc":{"start":{"line":64,"column":2},"end":{"line":69,"column":3}},"type":"if","locations":[{"start":{"line":64,"column":2},"end":{"line":69,"column":3}}]}},"s":{"0":2,"1":2,"2":2,"3":2,"4":2,"5":2,"6":2,"7":0,"8":0,"9":0,"10":0,"11":0,"12":0,"13":0,"14":0,"15":0,"16":0,"17":0,"18":0,"19":0,"20":0,"21":0,"22":0,"23":0,"24":0,"25":0,"26":0,"27":0,"28":0,"29":0},"f":{"0":0,"1":0,"2":0,"3":0,"4":0,"5":0,"6":0},"b":{"0":[0],"1":[0],"2":[0],"3":[0],"4":[0],"5":[0]}}
,"/Users/marcoslima/Driven/fase_4/5. Clean Code/project-newsgen-refactor/tests/factories/news-factory.ts": {"path":"/Users/marcoslima/Driven/fase_4/5. Clean Code/project-newsgen-refactor/tests/factories/news-factory.ts","statementMap":{"0":{"start":{"line":5,"column":0},"end":{"line":5,"column":16}},"1":{"start":{"line":15,"column":0},"end":{"line":15,"column":22}},"2":{"start":{"line":21,"column":0},"end":{"line":21,"column":22}},"3":{"start":{"line":1,"column":0},"end":{"line":1,"column":40}},"4":{"start":{"line":3,"column":0},"end":{"line":3,"column":40}},"5":{"start":{"line":6,"column":2},"end":{"line":12,"column":null}},"6":{"start":{"line":15,"column":43},"end":{"line":19,"column":null}},"7":{"start":{"line":16,"column":2},"end":{"line":18,"column":5}},"8":{"start":{"line":21,"column":52},"end":{"line":28,"column":null}},"9":{"start":{"line":22,"column":20},"end":{"line":22,"column":49}},"10":{"start":{"line":23,"column":2},"end":{"line":23,"column":48}},"11":{"start":{"line":25,"column":2},"end":{"line":27,"column":5}}},"fnMap":{"0":{"name":"generateRandomNews","decl":{"start":{"line":5,"column":16},"end":{"line":5,"column":34}},"loc":{"start":{"line":5,"column":52},"end":{"line":13,"column":1}}},"1":{"name":"persistNewRandomNews","decl":{"start":{"line":15,"column":22},"end":{"line":15,"column":42}},"loc":{"start":{"line":15,"column":42},"end":{"line":19,"column":null}}},"2":{"name":"(anonymous_10)","decl":{"start":{"line":15,"column":43},"end":{"line":15,"column":52}},"loc":{"start":{"line":15,"column":60},"end":{"line":19,"column":1}}},"3":{"name":"persistNewRandomNewsInThePast","decl":{"start":{"line":21,"column":22},"end":{"line":21,"column":51}},"loc":{"start":{"line":21,"column":51},"end":{"line":28,"column":null}}},"4":{"name":"(anonymous_12)","decl":{"start":{"line":21,"column":52},"end":{"line":21,"column":61}},"loc":{"start":{"line":21,"column":69},"end":{"line":28,"column":1}}}},"branchMap":{"0":{"loc":{"start":{"line":5,"column":35},"end":{"line":5,"column":52}},"type":"default-arg","locations":[{"start":{"line":5,"column":47},"end":{"line":5,"column":52}}]},"1":{"loc":{"start":{"line":15,"column":43},"end":{"line":15,"column":60}},"type":"default-arg","locations":[{"start":{"line":15,"column":55},"end":{"line":15,"column":60}}]},"2":{"loc":{"start":{"line":21,"column":52},"end":{"line":21,"column":69}},"type":"default-arg","locations":[{"start":{"line":21,"column":64},"end":{"line":21,"column":69}}]}},"s":{"0":1,"1":1,"2":1,"3":1,"4":1,"5":0,"6":0,"7":0,"8":0,"9":0,"10":0,"11":0},"f":{"0":0,"1":0,"2":0,"3":0,"4":0},"b":{"0":[0],"1":[0],"2":[0]}}
}
