TN:
SF:src/app.ts
FN:10,(anonymous_7)
FNF:1
FNH:1
FNDA:1,(anonymous_7)
DA:1,2
DA:2,2
DA:4,2
DA:5,2
DA:7,2
DA:8,2
DA:10,2
DA:11,1
DA:14,2
DA:15,2
DA:17,2
LF:11
LH:11
BRF:0
BRH:0
end_of_record
TN:
SF:src/database.ts
FNF:0
FNH:0
DA:1,2
DA:3,2
DA:5,2
LF:3
LH:3
BRF:0
BRH:0
end_of_record
TN:
SF:src/controllers/news-controller.ts
FN:8,getNews
FN:13,getSpecificNews
FN:23,createNews
FN:30,alterNews
FN:42,deleteNews
FNF:5
FNH:0
FNDA:0,getNews
FNDA:0,getSpecificNews
FNDA:0,createNews
FNDA:0,alterNews
FNDA:0,deleteNews
DA:2,2
DA:4,2
DA:8,2
DA:9,0
DA:10,0
DA:13,2
DA:14,0
DA:15,0
DA:16,0
DA:19,0
DA:20,0
DA:23,2
DA:24,0
DA:25,0
DA:27,0
DA:30,2
DA:31,0
DA:32,0
DA:33,0
DA:36,0
DA:37,0
DA:39,0
DA:42,2
DA:43,0
DA:44,0
DA:45,0
DA:48,0
DA:49,0
LF:28
LH:7
BRDA:15,0,0,0
BRDA:15,1,0,0
BRDA:15,1,1,0
BRDA:32,2,0,0
BRDA:32,3,0,0
BRDA:32,3,1,0
BRDA:44,4,0,0
BRDA:44,5,0,0
BRDA:44,5,1,0
BRF:9
BRH:0
end_of_record
TN:
SF:src/middlewares/error-handler.ts
FN:9,errorHandlingMiddleware
FNF:1
FNH:0
FNDA:0,errorHandlingMiddleware
DA:3,2
DA:9,2
DA:15,0
DA:17,0
DA:18,0
DA:19,0
DA:20,0
DA:21,0
DA:22,0
DA:23,0
DA:24,0
DA:25,0
DA:26,0
DA:27,0
DA:29,0
LF:15
LH:2
BRDA:18,0,0,0
BRDA:18,0,1,0
BRDA:20,1,0,0
BRDA:20,1,1,0
BRDA:22,2,0,0
BRDA:22,2,1,0
BRDA:24,3,0,0
BRDA:24,3,1,0
BRDA:26,4,0,0
BRDA:26,4,1,0
BRF:10
BRH:0
end_of_record
TN:
SF:src/middlewares/schema-handler.ts
FN:4,validateSchemaMiddleware
FN:5,(anonymous_1)
FNF:2
FNH:1
FNDA:4,validateSchemaMiddleware
FNDA:0,(anonymous_1)
DA:4,2
DA:5,4
DA:6,0
DA:7,0
DA:8,0
DA:11,0
LF:6
LH:2
BRDA:7,0,0,0
BRF:1
BRH:0
end_of_record
TN:
SF:src/repositories/news-repository.ts
FN:7,getNoticias
FN:15,getNoticiaById
FN:21,createNoticia
FN:27,updateNoticia
FN:34,removeNoticia
FNF:5
FNH:0
FNDA:0,getNoticias
FNDA:0,getNoticiaById
FNDA:0,createNoticia
FNDA:0,updateNoticia
FNDA:0,removeNoticia
DA:1,2
DA:7,2
DA:8,0
DA:15,2
DA:16,0
DA:21,2
DA:22,0
DA:27,2
DA:28,0
DA:34,2
DA:35,0
LF:11
LH:6
BRF:0
BRH:0
end_of_record
TN:
SF:src/routers/news-router.ts
FNF:0
FNH:0
DA:1,2
DA:3,2
DA:4,2
DA:5,2
DA:7,2
DA:9,2
DA:10,2
DA:11,2
DA:12,2
DA:13,2
DA:15,2
LF:11
LH:11
BRF:0
BRH:0
end_of_record
TN:
SF:src/schemas/news-schema.ts
FNF:0
FNH:0
DA:1,2
DA:4,2
LF:2
LH:2
BRF:0
BRH:0
end_of_record
TN:
SF:src/services/news-service.ts
FN:5,getNews
FN:9,getSpecificNews
FN:21,createNews
FN:26,alterNews
FN:33,deleteNews
FN:38,validate
FN:38,(anonymous_25)
FNF:7
FNH:0
FNDA:0,getNews
FNDA:0,getSpecificNews
FNDA:0,createNews
FNDA:0,alterNews
FNDA:0,deleteNews
FNDA:0,validate
FNDA:0,(anonymous_25)
DA:1,2
DA:2,2
DA:5,2
DA:6,0
DA:9,2
DA:10,0
DA:11,0
DA:12,0
DA:18,0
DA:21,2
DA:22,0
DA:23,0
DA:26,2
DA:27,0
DA:28,0
DA:30,0
DA:33,2
DA:34,0
DA:35,0
DA:38,0
DA:40,0
DA:41,0
DA:45,0
DA:46,0
DA:54,0
DA:55,0
DA:62,0
DA:63,0
DA:64,0
DA:65,0
LF:30
LH:7
BRDA:11,0,0,0
BRDA:38,1,0,0
BRDA:40,2,0,0
BRDA:45,3,0,0
BRDA:54,4,0,0
BRDA:64,5,0,0
BRF:6
BRH:0
end_of_record
TN:
SF:tests/factories/news-factory.ts
FN:5,generateRandomNews
FN:15,persistNewRandomNews
FN:15,(anonymous_10)
FN:21,persistNewRandomNewsInThePast
FN:21,(anonymous_12)
FNF:5
FNH:0
FNDA:0,generateRandomNews
FNDA:0,persistNewRandomNews
FNDA:0,(anonymous_10)
FNDA:0,persistNewRandomNewsInThePast
FNDA:0,(anonymous_12)
DA:1,1
DA:3,1
DA:5,1
DA:6,0
DA:15,1
DA:16,0
DA:21,1
DA:22,0
DA:23,0
DA:25,0
LF:10
LH:5
BRDA:5,0,0,0
BRDA:15,1,0,0
BRDA:21,2,0,0
BRF:3
BRH:0
end_of_record
